<?xml version="1.0" encoding="UTF-8"?>
<!-- Generated by org.testng.reporters.JUnitReportReporter -->
<testsuite hostname="AcerAspire5" failures="0" tests="2" name="tests.LoginTest" time="21.807" errors="0" timestamp="2024-01-03T20:12:57 IST" skipped="0">
  <testcase classname="tests.LoginTest" name="login" time="7.081"/>
  <testcase classname="tests.LoginTest" name="login" time="14.726"/>
</testsuite> <!-- tests.LoginTest -->
