<?xml version="1.0" encoding="UTF-8"?>
<!-- Generated by org.testng.reporters.JUnitReportReporter -->
<testsuite hostname="AcerAspire5" failures="0" tests="1" name="tests.TestThree" time="0.003" errors="0" timestamp="2024-01-03T20:12:57 IST" skipped="0">
  <testcase classname="tests.TestThree" name="threeTest" time="0.003"/>
</testsuite> <!-- tests.TestThree -->
