<?xml version="1.0" encoding="UTF-8"?>
<!-- Generated by org.testng.reporters.JUnitReportReporter -->
<testsuite hostname="AcerAspire5" failures="0" tests="1" name="tests.TestOne" time="0.011" errors="0" timestamp="2024-01-03T20:12:57 IST" skipped="0">
  <testcase classname="tests.TestOne" name="oneTest" time="0.011"/>
</testsuite> <!-- tests.TestOne -->
